<?xml version="1.0" encoding="UTF-8"?>
<testng-results ignored="0" total="1" passed="1" failed="0" skipped="0">
  <reporter-output>
  </reporter-output>
  <suite started-at="2024-03-11T20:04:55 IST" name="Default suite" finished-at="2024-03-11T20:05:05 IST" duration-ms="10028">
    <groups>
    </groups>
    <test started-at="2024-03-11T20:04:55 IST" name="Default test" finished-at="2024-03-11T20:05:05 IST" duration-ms="10028">
      <class name="mar11th.Screenshot1">
        <test-method is-config="true" signature="setUp()[pri:0, instance:mar11th.Screenshot1@183ec003]" started-at="2024-03-11T20:04:55 IST" name="setUp" finished-at="2024-03-11T20:05:01 IST" duration-ms="5962" status="PASS">
          <reporter-output>
          </reporter-output>
        </test-method> <!-- setUp -->
        <test-method signature="screenshotTest()[pri:0, instance:mar11th.Screenshot1@183ec003]" started-at="2024-03-11T20:05:01 IST" name="screenshotTest" finished-at="2024-03-11T20:05:02 IST" duration-ms="642" status="PASS">
          <reporter-output>
          </reporter-output>
        </test-method> <!-- screenshotTest -->
        <test-method is-config="true" signature="teardown()[pri:0, instance:mar11th.Screenshot1@183ec003]" started-at="2024-03-11T20:05:02 IST" name="teardown" finished-at="2024-03-11T20:05:05 IST" duration-ms="3341" status="PASS">
          <reporter-output>
          </reporter-output>
        </test-method> <!-- teardown -->
      </class> <!-- mar11th.Screenshot1 -->
    </test> <!-- Default test -->
  </suite> <!-- Default suite -->
</testng-results>
