<?xml version="1.0" encoding="UTF-8"?>
<testng-results ignored="0" total="1" passed="1" failed="0" skipped="0">
  <reporter-output>
  </reporter-output>
  <suite started-at="2024-03-04T20:05:27 IST" name="Default suite" finished-at="2024-03-04T20:05:39 IST" duration-ms="11647">
    <groups>
    </groups>
    <test started-at="2024-03-04T20:05:27 IST" name="Default test" finished-at="2024-03-04T20:05:39 IST" duration-ms="11647">
      <class name="mar4th.MouseHover">
        <test-method is-config="true" signature="setUp()[pri:0, instance:mar4th.MouseHover@1caa0244]" started-at="2024-03-04T20:05:27 IST" name="setUp" finished-at="2024-03-04T20:05:33 IST" duration-ms="5846" status="PASS">
          <reporter-output>
          </reporter-output>
        </test-method> <!-- setUp -->
        <test-method signature="mouseHoverTest()[pri:0, instance:mar4th.MouseHover@1caa0244]" started-at="2024-03-04T20:05:33 IST" name="mouseHoverTest" finished-at="2024-03-04T20:05:35 IST" duration-ms="2125" status="PASS">
          <reporter-output>
          </reporter-output>
        </test-method> <!-- mouseHoverTest -->
        <test-method is-config="true" signature="teardown()[pri:0, instance:mar4th.MouseHover@1caa0244]" started-at="2024-03-04T20:05:35 IST" name="teardown" finished-at="2024-03-04T20:05:39 IST" duration-ms="3573" status="PASS">
          <reporter-output>
          </reporter-output>
        </test-method> <!-- teardown -->
      </class> <!-- mar4th.MouseHover -->
    </test> <!-- Default test -->
  </suite> <!-- Default suite -->
</testng-results>
